0 info it worked if it ends with ok
1 verbose cli [ '/usr/local/bin/node', '/usr/local/bin/npm', 'publish' ]
2 info using npm@3.3.12
3 info using node@v5.5.0
4 verbose publish [ '.' ]
5 silly cache add args [ '.', null ]
6 verbose cache add spec .
7 silly cache add parsed spec Result {
7 silly cache add   raw: '.',
7 silly cache add   scope: null,
7 silly cache add   name: null,
7 silly cache add   rawSpec: '.',
7 silly cache add   spec: '/Users/jiaaobo/work/react-lib/react-best-swiper',
7 silly cache add   type: 'directory' }
8 verbose addLocalDirectory /Users/jiaaobo/.npm/react-best-swiper/0.1.1/package.tgz not in flight; packing
9 info lifecycle react-best-swiper@0.1.1~prepublish: react-best-swiper@0.1.1
10 silly lifecycle react-best-swiper@0.1.1~prepublish: no script for prepublish, continuing
11 verbose tar pack [ '/Users/jiaaobo/.npm/react-best-swiper/0.1.1/package.tgz',
11 verbose tar pack   '/Users/jiaaobo/work/react-lib/react-best-swiper' ]
12 verbose tarball /Users/jiaaobo/.npm/react-best-swiper/0.1.1/package.tgz
13 verbose folder /Users/jiaaobo/work/react-lib/react-best-swiper
14 verbose addLocalTarball adding from inside cache /Users/jiaaobo/.npm/react-best-swiper/0.1.1/package.tgz
15 silly cache afterAdd react-best-swiper@0.1.1
16 verbose afterAdd /Users/jiaaobo/.npm/react-best-swiper/0.1.1/package/package.json not in flight; writing
17 verbose afterAdd /Users/jiaaobo/.npm/react-best-swiper/0.1.1/package/package.json written
18 silly publish { name: 'react-best-swiper',
18 silly publish   version: '0.1.1',
18 silly publish   description: 'react-swiper',
18 silly publish   main: 'index.js',
18 silly publish   scripts: { test: 'echo "Error: no test specified" && exit 1' },
18 silly publish   repository:
18 silly publish    { type: 'git',
18 silly publish      url: 'git+https://github.com/cicada-fe/react-best-swiper.git' },
18 silly publish   keywords: [ 'react', 'swipe' ],
18 silly publish   author: { name: 'sherlock221b' },
18 silly publish   license: 'ISC',
18 silly publish   bugs: { url: 'https://github.com/cicada-fe/react-best-swiper/issues' },
18 silly publish   dependencies: { 'react-swipe': '^5.0.3', 'swipe-js-iso': '^2.0.3' },
18 silly publish   homepage: 'https://github.com/cicada-fe/react-best-swiper#readme',
18 silly publish   readme: '### react-swipe  \n封装了react-swipe 的功能 实现轮播图\n\n1.0.0\n添加了 轮播dot的功能\n\n\n###使用方式\n\nnpm install react-best-swiper\n\n',
18 silly publish   readmeFilename: 'readme.md',
18 silly publish   gitHead: 'aa9147ffdefa4e6e23efc23f85151621c6516791',
18 silly publish   _id: 'react-best-swiper@0.1.1',
18 silly publish   _shasum: 'b04b1d9f4a59a20de691cf1317116d0037a86d4c',
18 silly publish   _from: '.' }
19 verbose getPublishConfig undefined
20 silly mapToRegistry name react-best-swiper
21 silly mapToRegistry using default registry
22 silly mapToRegistry registry https://registry.npmjs.org/
23 silly mapToRegistry uri https://registry.npmjs.org/react-best-swiper
24 verbose publish registryBase https://registry.npmjs.org/
25 silly publish uploading /Users/jiaaobo/.npm/react-best-swiper/0.1.1/package.tgz
26 verbose request uri https://registry.npmjs.org/react-best-swiper
27 verbose request sending authorization for write operation
28 info attempt registry request try #1 at 12:55:17 AM
29 verbose request using bearer token for auth
30 verbose request id e7808add20e3050d
31 http request PUT https://registry.npmjs.org/react-best-swiper
32 http 403 https://registry.npmjs.org/react-best-swiper
33 verbose headers { 'content-type': 'application/json',
33 verbose headers   'cache-control': 'max-age=300',
33 verbose headers   'content-length': '95',
33 verbose headers   'accept-ranges': 'bytes',
33 verbose headers   date: 'Thu, 09 Jun 2016 16:55:25 GMT',
33 verbose headers   via: '1.1 varnish',
33 verbose headers   connection: 'keep-alive',
33 verbose headers   'x-served-by': 'cache-ams4140-AMS',
33 verbose headers   'x-cache': 'MISS',
33 verbose headers   'x-cache-hits': '0',
33 verbose headers   'x-timer': 'S1465491324.799126,VS0,VE1043',
33 verbose headers   vary: 'Accept-Encoding' }
34 verbose request invalidating /Users/jiaaobo/.npm/registry.npmjs.org/react-best-swiper on PUT
35 error publish Failed PUT 403
36 verbose stack Error: "You cannot publish over the previously published version 0.1.1." : react-best-swiper
36 verbose stack     at makeError (/usr/local/lib/node_modules/npm/node_modules/npm-registry-client/lib/request.js:264:12)
36 verbose stack     at CachingRegistryClient.<anonymous> (/usr/local/lib/node_modules/npm/node_modules/npm-registry-client/lib/request.js:252:14)
36 verbose stack     at Request._callback (/usr/local/lib/node_modules/npm/node_modules/npm-registry-client/lib/request.js:172:14)
36 verbose stack     at Request.self.callback (/usr/local/lib/node_modules/npm/node_modules/request/request.js:198:22)
36 verbose stack     at emitTwo (events.js:100:13)
36 verbose stack     at Request.emit (events.js:185:7)
36 verbose stack     at Request.<anonymous> (/usr/local/lib/node_modules/npm/node_modules/request/request.js:1082:10)
36 verbose stack     at emitOne (events.js:95:20)
36 verbose stack     at Request.emit (events.js:182:7)
36 verbose stack     at IncomingMessage.<anonymous> (/usr/local/lib/node_modules/npm/node_modules/request/request.js:1009:12)
37 verbose statusCode 403
38 verbose pkgid react-best-swiper
39 verbose cwd /Users/jiaaobo/work/react-lib/react-best-swiper
40 error Darwin 15.4.0
41 error argv "/usr/local/bin/node" "/usr/local/bin/npm" "publish"
42 error node v5.5.0
43 error npm  v3.3.12
44 error code E403
45 error "You cannot publish over the previously published version 0.1.1." : react-best-swiper
46 error If you need help, you may report this error at:
46 error     <https://github.com/npm/npm/issues>
47 verbose exit [ 1, true ]
